<?xml version="1.0" encoding="UTF-8"?>
<testng-results ignored="0" total="2" passed="2" failed="0" skipped="0">
  <reporter-output>
    <line>
      <![CDATA[Hello]]>
    </line>
    <line>
      <![CDATA[Hii]]>
    </line>
  </reporter-output>
  <suite started-at="2023-01-10T12:14:42 IST" name="Suite" finished-at="2023-01-10T12:14:42 IST" duration-ms="80">
    <groups>
    </groups>
    <test started-at="2023-01-10T12:14:42 IST" name="Test" finished-at="2023-01-10T12:14:42 IST" duration-ms="80">
      <class name="rejenkins.Testcase1test">
        <test-method signature="m1()[pri:0, instance:rejenkins.Testcase1test@31e5415e]" started-at="2023-01-10T12:14:42 IST" name="m1" finished-at="2023-01-10T12:14:42 IST" duration-ms="11" status="PASS">
          <reporter-output>
            <line>
              <![CDATA[Hello]]>
            </line>
          </reporter-output>
        </test-method> <!-- m1 -->
      </class> <!-- rejenkins.Testcase1test -->
      <class name="rejenkins.Testcase2test">
        <test-method signature="m2()[pri:0, instance:rejenkins.Testcase2test@69997e9d]" started-at="2023-01-10T12:14:42 IST" name="m2" finished-at="2023-01-10T12:14:42 IST" duration-ms="0" status="PASS">
          <reporter-output>
            <line>
              <![CDATA[Hii]]>
            </line>
          </reporter-output>
        </test-method> <!-- m2 -->
      </class> <!-- rejenkins.Testcase2test -->
    </test> <!-- Test -->
  </suite> <!-- Suite -->
</testng-results>
