<?xml version="1.0" encoding="UTF-8"?>
<testng-results ignored="0" total="3" passed="3" failed="0" skipped="0">
  <reporter-output>
    <line>
      <![CDATA[Hello]]>
    </line>
    <line>
      <![CDATA[Hii]]>
    </line>
    <line>
      <![CDATA[bye bye]]>
    </line>
  </reporter-output>
  <suite started-at="2023-01-10T15:36:20 IST" name="Suite" finished-at="2023-01-10T15:36:20 IST" duration-ms="84">
    <groups>
    </groups>
    <test started-at="2023-01-10T15:36:20 IST" name="Test" finished-at="2023-01-10T15:36:20 IST" duration-ms="84">
      <class name="rejenkins.Testcase1test">
        <test-method signature="m1()[pri:0, instance:rejenkins.Testcase1test@1cbb87f3]" started-at="2023-01-10T15:36:20 IST" name="m1" finished-at="2023-01-10T15:36:20 IST" duration-ms="15" status="PASS">
          <reporter-output>
            <line>
              <![CDATA[Hello]]>
            </line>
          </reporter-output>
        </test-method> <!-- m1 -->
      </class> <!-- rejenkins.Testcase1test -->
      <class name="rejenkins.Testcase2test">
        <test-method signature="m2()[pri:0, instance:rejenkins.Testcase2test@2df9b86]" started-at="2023-01-10T15:36:20 IST" name="m2" finished-at="2023-01-10T15:36:20 IST" duration-ms="0" status="PASS">
          <reporter-output>
            <line>
              <![CDATA[Hii]]>
            </line>
          </reporter-output>
        </test-method> <!-- m2 -->
      </class> <!-- rejenkins.Testcase2test -->
      <class name="rejenkins.Testcase3test">
        <test-method signature="m3()[pri:0, instance:rejenkins.Testcase3test@37654521]" started-at="2023-01-10T15:36:20 IST" name="m3" finished-at="2023-01-10T15:36:20 IST" duration-ms="1" status="PASS">
          <reporter-output>
            <line>
              <![CDATA[bye bye]]>
            </line>
          </reporter-output>
        </test-method> <!-- m3 -->
      </class> <!-- rejenkins.Testcase3test -->
    </test> <!-- Test -->
  </suite> <!-- Suite -->
</testng-results>
